   Compiling xml-rs v0.8.3
   Compiling regex-syntax v0.6.18
   Compiling miniz_oxide v0.3.7
   Compiling khronos_api v3.1.0
   Compiling proc-macro2 v1.0.21
   Compiling miniz_oxide v0.4.2
   Compiling aho-corasick v0.7.13
   Compiling deflate v0.8.6
   Compiling jpeg-decoder v0.1.20
   Compiling ultraviolet v0.4.6
   Compiling nom v5.1.2
   Compiling quote v1.0.7
   Compiling flate2 v1.0.17
   Compiling png v0.16.7
   Compiling gl_generator v0.14.0
   Compiling gl_generator v0.13.1
   Compiling cocoa v0.20.2
   Compiling syn v1.0.41
   Compiling rayon-core v1.8.1
   Compiling rand v0.7.3
   Compiling image v0.23.9
   Compiling bracket-geometry v0.8.1
   Compiling regex v1.3.9
   Compiling rayon v1.4.0
   Compiling glutin_gles2_sys v0.1.5
   Compiling glow v0.4.0
